梵文0 vs 梵文1
梵0 2 satata buddha koṭīṣṇīsaṃ
梵1 2 satata buddha koṭī-uṣṇīṣaṃ
梵0 74 stathāgatoṣṇīṣaṃ
梵1 74 sa-tathāgato-ṣṇīṣaṃ
梵0 76 nāmāparājitaṃ
梵1 76 nāma-aparājitaṃ
梵0 87 graha sahsrāṇāṃ
梵1 87 graha sahasrāṇāṃ
梵0 111 vajra-jivanā ca
梵1 111 vajra-jihva ca
梵0 165 sa-sathāgata uṣṇīṣaṃ
梵1 165 sa-tathāgata uṣṇīṣaṃ
梵0 172 mahā-vajra udāra
梵1 172 mahā-vajra dhara
梵0 308 vidya-acāryebhyaḥ phaṭ
梵1 308 vidyā-cārye-bhyaḥ phaṭ
字音0 vs 字音1
音0 111 跋闍囉 制喝那阿 遮
音1 111 跋(闍囉) 制(喝婆) 遮
音0 127 夜囉菟 瑟尼釤
音1 127 夜(囉菟) 乌(瑟尼)釤
音0 131 稅多 遮 迦摩囉
音1 131 稅多 遮 迦摩囉刹
音0 132 剎奢尸 波囉婆
音1 132 奢尸 (波囉)婆
音0 399 陀突嚧 迦建咄嚧 吉知婆 路多毘
音1 399 陀(突嚧) (迦建)(咄嚧) 吉知婆 路多
音0 400 薩般 嚧訶 凌伽
音1 400 毘薩般 嚧訶 凌伽
音0 410 末囉 視吠 帝釤 娑鞞釤
音1 410 遮末囉 視吠 帝釤 娑鞞釤
字音1 vs 字音2
